<?xml version="1.0" encoding="UTF-8"?>
<testsuites>
	<testsuite tests="1" errors="0" failures="0" time="0.001" timestamp="2015-09-09T09:21:34">
		<testcase classname="Line number announcer" name="Seperate Announcers for Babkas and Baked Goods should announce who is now being served in both lines" time="0">
		</testcase>
	</testsuite>
</testsuites>

